<?xml version="1.0" encoding="UTF-8"?>
<testsuite name="org.afrinnov.search.VideoWebAppApplicationTests" tests="1" skipped="0" failures="0" errors="0" timestamp="2021-04-20T22:00:05" hostname="LAPTOP-C8844763" time="0.251">
  <properties/>
  <testcase name="contextLoads()" classname="org.afrinnov.search.VideoWebAppApplicationTests" time="0.251"/>
  <system-out><![CDATA[00:00:04.521 [Test worker] DEBUG org.springframework.test.context.BootstrapUtils - Instantiating CacheAwareContextLoaderDelegate from class [org.springframework.test.context.cache.DefaultCacheAwareContextLoaderDelegate]
00:00:04.536 [Test worker] DEBUG org.springframework.test.context.BootstrapUtils - Instantiating BootstrapContext using constructor [public org.springframework.test.context.support.DefaultBootstrapContext(java.lang.Class,org.springframework.test.context.CacheAwareContextLoaderDelegate)]
00:00:04.571 [Test worker] DEBUG org.springframework.test.context.BootstrapUtils - Instantiating TestContextBootstrapper for test class [org.afrinnov.search.VideoWebAppApplicationTests] from class [org.springframework.boot.test.context.SpringBootTestContextBootstrapper]
00:00:04.584 [Test worker] INFO org.springframework.boot.test.context.SpringBootTestContextBootstrapper - Neither @ContextConfiguration nor @ContextHierarchy found for test class [org.afrinnov.search.VideoWebAppApplicationTests], using SpringBootContextLoader
00:00:04.587 [Test worker] DEBUG org.springframework.test.context.support.AbstractContextLoader - Did not detect default resource location for test class [org.afrinnov.search.VideoWebAppApplicationTests]: class path resource [org/afrinnov/search/VideoWebAppApplicationTests-context.xml] does not exist
00:00:04.587 [Test worker] DEBUG org.springframework.test.context.support.AbstractContextLoader - Did not detect default resource location for test class [org.afrinnov.search.VideoWebAppApplicationTests]: class path resource [org/afrinnov/search/VideoWebAppApplicationTestsContext.groovy] does not exist
00:00:04.588 [Test worker] INFO org.springframework.test.context.support.AbstractContextLoader - Could not detect default resource locations for test class [org.afrinnov.search.VideoWebAppApplicationTests]: no resource found for suffixes {-context.xml, Context.groovy}.
00:00:04.589 [Test worker] INFO org.springframework.test.context.support.AnnotationConfigContextLoaderUtils - Could not detect default configuration classes for test class [org.afrinnov.search.VideoWebAppApplicationTests]: VideoWebAppApplicationTests does not declare any static, non-private, non-final, nested classes annotated with @Configuration.
00:00:04.702 [Test worker] DEBUG org.springframework.test.context.support.ActiveProfilesUtils - Could not find an 'annotation declaring class' for annotation type [org.springframework.test.context.ActiveProfiles] and class [org.afrinnov.search.VideoWebAppApplicationTests]
00:00:04.766 [Test worker] DEBUG org.springframework.context.annotation.ClassPathScanningCandidateComponentProvider - Identified candidate component class: file [E:\PROJECTS\blogs\video-streaming\spring-web-app\build\classes\java\main\org\afrinnov\search\VideoWebAppApplication.class]
00:00:04.767 [Test worker] INFO org.springframework.boot.test.context.SpringBootTestContextBootstrapper - Found @SpringBootConfiguration org.afrinnov.search.VideoWebAppApplication for test class org.afrinnov.search.VideoWebAppApplicationTests
00:00:04.848 [Test worker] DEBUG org.springframework.boot.test.context.SpringBootTestContextBootstrapper - @TestExecutionListeners is not present for class [org.afrinnov.search.VideoWebAppApplicationTests]: using defaults.
00:00:04.849 [Test worker] INFO org.springframework.boot.test.context.SpringBootTestContextBootstrapper - Loaded default TestExecutionListener class names from location [META-INF/spring.factories]: [org.springframework.boot.test.autoconfigure.restdocs.RestDocsTestExecutionListener, org.springframework.boot.test.autoconfigure.web.client.MockRestServiceServerResetTestExecutionListener, org.springframework.boot.test.autoconfigure.web.servlet.MockMvcPrintOnlyOnFailureTestExecutionListener, org.springframework.boot.test.autoconfigure.web.servlet.WebDriverTestExecutionListener, org.springframework.boot.test.autoconfigure.webservices.client.MockWebServiceServerTestExecutionListener, org.springframework.boot.test.mock.mockito.MockitoTestExecutionListener, org.springframework.boot.test.mock.mockito.ResetMocksTestExecutionListener, org.springframework.test.context.web.ServletTestExecutionListener, org.springframework.test.context.support.DirtiesContextBeforeModesTestExecutionListener, org.springframework.test.context.event.ApplicationEventsTestExecutionListener, org.springframework.test.context.support.DependencyInjectionTestExecutionListener, org.springframework.test.context.support.DirtiesContextTestExecutionListener, org.springframework.test.context.transaction.TransactionalTestExecutionListener, org.springframework.test.context.jdbc.SqlScriptsTestExecutionListener, org.springframework.test.context.event.EventPublishingTestExecutionListener]
00:00:04.859 [Test worker] DEBUG org.springframework.boot.test.context.SpringBootTestContextBootstrapper - Skipping candidate TestExecutionListener [org.springframework.test.context.web.ServletTestExecutionListener] due to a missing dependency. Specify custom listener classes or make the default listener classes and their required dependencies available. Offending class: [javax/servlet/ServletContext]
00:00:04.861 [Test worker] DEBUG org.springframework.boot.test.context.SpringBootTestContextBootstrapper - Skipping candidate TestExecutionListener [org.springframework.test.context.transaction.TransactionalTestExecutionListener] due to a missing dependency. Specify custom listener classes or make the default listener classes and their required dependencies available. Offending class: [org/springframework/transaction/interceptor/TransactionAttributeSource]
00:00:04.861 [Test worker] DEBUG org.springframework.boot.test.context.SpringBootTestContextBootstrapper - Skipping candidate TestExecutionListener [org.springframework.test.context.jdbc.SqlScriptsTestExecutionListener] due to a missing dependency. Specify custom listener classes or make the default listener classes and their required dependencies available. Offending class: [org/springframework/transaction/interceptor/TransactionAttribute]
00:00:04.862 [Test worker] INFO org.springframework.boot.test.context.SpringBootTestContextBootstrapper - Using TestExecutionListeners: [org.springframework.test.context.support.DirtiesContextBeforeModesTestExecutionListener@5aed573b, org.springframework.test.context.event.ApplicationEventsTestExecutionListener@394d11fa, org.springframework.boot.test.mock.mockito.MockitoTestExecutionListener@7a2ae220, org.springframework.boot.test.autoconfigure.SpringBootDependencyInjectionTestExecutionListener@5d1a0d25, org.springframework.test.context.support.DirtiesContextTestExecutionListener@6dfecd32, org.springframework.test.context.event.EventPublishingTestExecutionListener@3c6dc3b6, org.springframework.boot.test.autoconfigure.restdocs.RestDocsTestExecutionListener@11fb1df9, org.springframework.boot.test.autoconfigure.web.client.MockRestServiceServerResetTestExecutionListener@1c8559c6, org.springframework.boot.test.autoconfigure.web.servlet.MockMvcPrintOnlyOnFailureTestExecutionListener@7898039, org.springframework.boot.test.autoconfigure.web.servlet.WebDriverTestExecutionListener@55ab830d, org.springframework.boot.test.autoconfigure.webservices.client.MockWebServiceServerTestExecutionListener@1cf64894, org.springframework.boot.test.mock.mockito.ResetMocksTestExecutionListener@2a0b69a5]
00:00:04.866 [Test worker] DEBUG org.springframework.test.context.support.AbstractDirtiesContextTestExecutionListener - Before test class: context [DefaultTestContext@51b4e278 testClass = VideoWebAppApplicationTests, testInstance = [null], testMethod = [null], testException = [null], mergedContextConfiguration = [MergedContextConfiguration@28bd2876 testClass = VideoWebAppApplicationTests, locations = '{}', classes = '{class org.afrinnov.search.VideoWebAppApplication}', contextInitializerClasses = '[]', activeProfiles = '{}', propertySourceLocations = '{}', propertySourceProperties = '{org.springframework.boot.test.context.SpringBootTestContextBootstrapper=true}', contextCustomizers = set[org.springframework.boot.test.autoconfigure.actuate.metrics.MetricsExportContextCustomizerFactory$DisableMetricExportContextCustomizer@1efe982c, org.springframework.boot.test.autoconfigure.properties.PropertyMappingContextCustomizer@0, org.springframework.boot.test.autoconfigure.web.servlet.WebDriverContextCustomizerFactory$Customizer@19f5791, org.springframework.boot.test.context.filter.ExcludeFilterContextCustomizer@718876cf, org.springframework.boot.test.json.DuplicateJsonObjectContextCustomizerFactory$DuplicateJsonObjectContextCustomizer@3a0ba138, org.springframework.boot.test.mock.mockito.MockitoContextCustomizer@0, org.springframework.boot.test.web.client.TestRestTemplateContextCustomizer@2fb41bc4, org.springframework.boot.test.context.SpringBootTestArgs@1, org.springframework.boot.test.context.SpringBootTestWebEnvironment@42b81703], contextLoader = 'org.springframework.boot.test.context.SpringBootContextLoader', parent = [null]], attributes = map[[empty]]], class annotated with @DirtiesContext [false] with mode [null].
00:00:04.878 [Test worker] DEBUG org.springframework.test.context.support.DependencyInjectionTestExecutionListener - Performing dependency injection for test context [[DefaultTestContext@51b4e278 testClass = VideoWebAppApplicationTests, testInstance = org.afrinnov.search.VideoWebAppApplicationTests@3241155d, testMethod = [null], testException = [null], mergedContextConfiguration = [MergedContextConfiguration@28bd2876 testClass = VideoWebAppApplicationTests, locations = '{}', classes = '{class org.afrinnov.search.VideoWebAppApplication}', contextInitializerClasses = '[]', activeProfiles = '{}', propertySourceLocations = '{}', propertySourceProperties = '{org.springframework.boot.test.context.SpringBootTestContextBootstrapper=true}', contextCustomizers = set[org.springframework.boot.test.autoconfigure.actuate.metrics.MetricsExportContextCustomizerFactory$DisableMetricExportContextCustomizer@1efe982c, org.springframework.boot.test.autoconfigure.properties.PropertyMappingContextCustomizer@0, org.springframework.boot.test.autoconfigure.web.servlet.WebDriverContextCustomizerFactory$Customizer@19f5791, org.springframework.boot.test.context.filter.ExcludeFilterContextCustomizer@718876cf, org.springframework.boot.test.json.DuplicateJsonObjectContextCustomizerFactory$DuplicateJsonObjectContextCustomizer@3a0ba138, org.springframework.boot.test.mock.mockito.MockitoContextCustomizer@0, org.springframework.boot.test.web.client.TestRestTemplateContextCustomizer@2fb41bc4, org.springframework.boot.test.context.SpringBootTestArgs@1, org.springframework.boot.test.context.SpringBootTestWebEnvironment@42b81703], contextLoader = 'org.springframework.boot.test.context.SpringBootContextLoader', parent = [null]], attributes = map['org.springframework.test.context.event.ApplicationEventsTestExecutionListener.recordApplicationEvents' -> false]]].
00:00:04.907 [Test worker] DEBUG org.springframework.test.context.support.TestPropertySourceUtils - Adding inlined properties to environment: {spring.jmx.enabled=false, org.springframework.boot.test.context.SpringBootTestContextBootstrapper=true}

  .   ____          _            __ _ _
 /\\ / ___'_ __ _ _(_)_ __  __ _ \ \ \ \
( ( )\___ | '_ | '_| | '_ \/ _` | \ \ \ \
 \\/  ___)| |_)| | | | | || (_| |  ) ) ) )
  '  |____| .__|_| |_|_| |_\__, | / / / /
 =========|_|==============|___/=/_/_/_/
 :: Spring Boot ::                (v2.4.5)

2021-04-21 00:00:05.116  INFO 6156 --- [    Test worker] o.a.search.VideoWebAppApplicationTests   : Starting VideoWebAppApplicationTests using Java 11.0.7 on LAPTOP-C8844763 with PID 6156 (started by ngos in E:\PROJECTS\blogs\video-streaming\spring-web-app)
2021-04-21 00:00:05.118  INFO 6156 --- [    Test worker] o.a.search.VideoWebAppApplicationTests   : No active profile set, falling back to default profiles: default
2021-04-21 00:00:05.488  INFO 6156 --- [    Test worker] o.a.search.VideoWebAppApplicationTests   : Started VideoWebAppApplicationTests in 0.578 seconds (JVM running for 2.353)
2021-04-21 00:00:05.495  INFO 6156 --- [    Test worker] o.a.search.VideoWebAppApplication        : Video(id=b428e722-bc09-49a4-8ede-6e770768791c)
]]></system-out>
  <system-err><![CDATA[]]></system-err>
</testsuite>
